app/build/outputs/logs/manifest-merger-release-report.txt
-- Merging decision tree log ---
manifest
ADDED from src\main\AndroidManifest.xml:2:1-174:12
	package
		ADDED from src\main\AndroidManifest.xml:3:5-51
		INJECTED from src\main\AndroidManifest.xml
		INJECTED from src\main\AndroidManifest.xml
	android:versionName
		INJECTED from src\main\AndroidManifest.xml
		INJECTED from src\main\AndroidManifest.xml
	xmlns:android
		ADDED from src\main\AndroidManifest.xml:2:11-69
	android:versionCode
		INJECTED from src\main\AndroidManifest.xml
		INJECTED from src\main\AndroidManifest.xml
uses-sdk
ADDED from src\main\AndroidManifest.xml:5:5-7:41
MERGED from [com.android.support:appcompat-v7:21.0.3] AndroidManifest.xml:15:5-42
MERGED from [com.google.android.gms:play-services:6.5.87] AndroidManifest.xml:18:5-42
MERGED from [com.android.support:support-v4:21.0.3] AndroidManifest.xml:15:5-42
	android:targetSdkVersion
		ADDED from src\main\AndroidManifest.xml:7:9-38
		INJECTED from src\main\AndroidManifest.xml
		INJECTED from src\main\AndroidManifest.xml
	android:minSdkVersion
		ADDED from src\main\AndroidManifest.xml:6:9-35
		INJECTED from src\main\AndroidManifest.xml
		INJECTED from src\main\AndroidManifest.xml
uses-permission#android.permission.INTERNET
ADDED from src\main\AndroidManifest.xml:9:5-67
	android:name
		ADDED from src\main\AndroidManifest.xml:9:22-64
uses-permission#android.permission.ACCESS_FINE_LOCATION
ADDED from src\main\AndroidManifest.xml:10:5-79
	android:name
		ADDED from src\main\AndroidManifest.xml:10:22-76
uses-permission#android.permission.ACCESS_LOCATION_EXTRA_COMMANDS
ADDED from src\main\AndroidManifest.xml:11:5-89
	android:name
		ADDED from src\main\AndroidManifest.xml:11:22-86
uses-permission#android.permission.READ_LOGS
ADDED from src\main\AndroidManifest.xml:12:5-68
	android:name
		ADDED from src\main\AndroidManifest.xml:12:22-65
uses-permission#android.permission.ACCESS_NETWORK_STATE
ADDED from src\main\AndroidManifest.xml:13:5-79
	android:name
		ADDED from src\main\AndroidManifest.xml:13:22-76
uses-permission#android.permission.WRITE_EXTERNAL_STORAGE
ADDED from src\main\AndroidManifest.xml:14:5-81
	android:name
		ADDED from src\main\AndroidManifest.xml:14:22-78
uses-permission#android.permission.READ_EXTERNAL_STORAGE
ADDED from src\main\AndroidManifest.xml:15:5-80
	android:name
		ADDED from src\main\AndroidManifest.xml:15:22-77
uses-permission#android.permission.CAMERA
ADDED from src\main\AndroidManifest.xml:16:5-65
	android:name
		ADDED from src\main\AndroidManifest.xml:16:22-62
uses-permission#android.permission.READ_PHONE_STATE
ADDED from src\main\AndroidManifest.xml:17:5-75
	android:name
		ADDED from src\main\AndroidManifest.xml:17:22-72
uses-permission#com.google.android.providers.gsf.permission.READ_GSERVICES
ADDED from src\main\AndroidManifest.xml:18:5-98
	android:name
		ADDED from src\main\AndroidManifest.xml:18:22-95
application
ADDED from src\main\AndroidManifest.xml:20:5-172:19
MERGED from [com.android.support:appcompat-v7:21.0.3] AndroidManifest.xml:16:5-19
MERGED from [com.google.android.gms:play-services:6.5.87] AndroidManifest.xml:20:5-24:19
MERGED from [com.android.support:support-v4:21.0.3] AndroidManifest.xml:16:5-19
	android:label
		ADDED from src\main\AndroidManifest.xml:23:9-41
	android:allowBackup
		ADDED from src\main\AndroidManifest.xml:21:9-35
	android:icon
		ADDED from src\main\AndroidManifest.xml:22:9-38
	android:theme
		ADDED from src\main\AndroidManifest.xml:24:9-58
activity#visita_medica.lafar.com.visitamedica.app.Splash
ADDED from src\main\AndroidManifest.xml:25:9-31:20
	android:name
		ADDED from src\main\AndroidManifest.xml:25:19-45
intent-filter#android.intent.action.MAIN+android.intent.category.LAUNCHER
ADDED from src\main\AndroidManifest.xml:26:13-30:29
action#android.intent.action.MAIN
ADDED from src\main\AndroidManifest.xml:27:17-69
	android:name
		ADDED from src\main\AndroidManifest.xml:27:25-66
category#android.intent.category.LAUNCHER
ADDED from src\main\AndroidManifest.xml:29:17-77
	android:name
		ADDED from src\main\AndroidManifest.xml:29:27-74
activity#visita_medica.lafar.com.visitamedica.app.Login
ADDED from src\main\AndroidManifest.xml:32:9-35:20
	android:theme
		ADDED from src\main\AndroidManifest.xml:34:13-62
	android:name
		ADDED from src\main\AndroidManifest.xml:33:13-38
activity#visita_medica.lafar.com.visitamedica.app.MenuPrincipal
ADDED from src\main\AndroidManifest.xml:36:9-39:20
	android:theme
		ADDED from src\main\AndroidManifest.xml:38:13-62
	android:name
		ADDED from src\main\AndroidManifest.xml:37:13-46
activity#visita_medica.lafar.com.visitamedica.app.TareasPendientes
ADDED from src\main\AndroidManifest.xml:40:9-43:20
	android:theme
		ADDED from src\main\AndroidManifest.xml:42:13-62
	android:name
		ADDED from src\main\AndroidManifest.xml:41:13-49
activity#visita_medica.lafar.com.visitamedica.app.FormularioVisita
ADDED from src\main\AndroidManifest.xml:44:9-48:20
	android:screenOrientation
		ADDED from src\main\AndroidManifest.xml:46:13-50
	android:theme
		ADDED from src\main\AndroidManifest.xml:47:13-62
	android:name
		ADDED from src\main\AndroidManifest.xml:45:13-49
activity#visita_medica.lafar.com.visitamedica.app.FormularioRecuperarVisita
ADDED from src\main\AndroidManifest.xml:49:9-53:20
	android:screenOrientation
		ADDED from src\main\AndroidManifest.xml:51:13-50
	android:theme
		ADDED from src\main\AndroidManifest.xml:52:13-62
	android:name
		ADDED from src\main\AndroidManifest.xml:50:13-58
activity#visita_medica.lafar.com.visitamedica.app.AuxiliarCapturaFirma
ADDED from src\main\AndroidManifest.xml:54:9-57:20
	android:theme
		ADDED from src\main\AndroidManifest.xml:56:13-62
	android:name
		ADDED from src\main\AndroidManifest.xml:55:13-53
activity#visita_medica.lafar.com.visitamedica.app.TareasRealizadas
ADDED from src\main\AndroidManifest.xml:58:9-62:20
	android:windowSoftInputMode
		ADDED from src\main\AndroidManifest.xml:61:13-54
	android:theme
		ADDED from src\main\AndroidManifest.xml:60:13-62
	android:name
		ADDED from src\main\AndroidManifest.xml:59:13-49
meta-data#com.google.android.gms.version
ADDED from src\main\AndroidManifest.xml:64:9-66:69
MERGED from [com.google.android.gms:play-services:6.5.87] AndroidManifest.xml:21:9-23:69
	android:value
		ADDED from src\main\AndroidManifest.xml:66:13-66
	android:name
		ADDED from src\main\AndroidManifest.xml:65:13-58
meta-data#com.google.android.maps.v2.API_KEY
ADDED from src\main\AndroidManifest.xml:68:9-70:55
	android:value
		ADDED from src\main\AndroidManifest.xml:70:13-52
	android:name
		ADDED from src\main\AndroidManifest.xml:69:13-62
activity#visita_medica.lafar.com.visitamedica.app.VisitasNegativas
ADDED from src\main\AndroidManifest.xml:76:9-79:20
	android:theme
		ADDED from src\main\AndroidManifest.xml:78:13-62
	android:name
		ADDED from src\main\AndroidManifest.xml:77:13-49
activity#visita_medica.lafar.com.visitamedica.app.FichaInformacionIndividual
ADDED from src\main\AndroidManifest.xml:80:9-83:20
	android:theme
		ADDED from src\main\AndroidManifest.xml:82:13-62
	android:name
		ADDED from src\main\AndroidManifest.xml:81:13-59
activity#visita_medica.lafar.com.visitamedica.app.ListadoMuestraMedica
ADDED from src\main\AndroidManifest.xml:84:9-87:20
	android:theme
		ADDED from src\main\AndroidManifest.xml:86:13-62
	android:name
		ADDED from src\main\AndroidManifest.xml:85:13-53
activity#visita_medica.lafar.com.visitamedica.app.HeOlvidadoMiContrasenhia
ADDED from src\main\AndroidManifest.xml:88:9-91:20
	android:theme
		ADDED from src\main\AndroidManifest.xml:90:13-62
	android:name
		ADDED from src\main\AndroidManifest.xml:89:13-57
activity#visita_medica.lafar.com.visitamedica.app.PopupFiltros
ADDED from src\main\AndroidManifest.xml:92:9-95:20
	android:theme
		ADDED from src\main\AndroidManifest.xml:94:13-69
	android:name
		ADDED from src\main\AndroidManifest.xml:93:13-45
activity#visita_medica.lafar.com.visitamedica.app.PopupFiltrosPendientes
ADDED from src\main\AndroidManifest.xml:96:9-99:20
	android:theme
		ADDED from src\main\AndroidManifest.xml:98:13-69
	android:name
		ADDED from src\main\AndroidManifest.xml:97:13-55
activity#visita_medica.lafar.com.visitamedica.app.PruebaGpsTracker
ADDED from src\main\AndroidManifest.xml:100:9-103:20
	android:label
		ADDED from src\main\AndroidManifest.xml:102:13-70
	android:name
		ADDED from src\main\AndroidManifest.xml:101:13-49
service#visita_medica.lafar.com.visitamedica.app.LocationService
ADDED from src\main\AndroidManifest.xml:105:9-107:38
	android:enabled
		ADDED from src\main\AndroidManifest.xml:107:13-35
	android:name
		ADDED from src\main\AndroidManifest.xml:106:13-48
activity#visita_medica.lafar.com.visitamedica.app.EstoyAqui2
ADDED from src\main\AndroidManifest.xml:109:9-112:20
	android:theme
		ADDED from src\main\AndroidManifest.xml:111:13-69
	android:name
		ADDED from src\main\AndroidManifest.xml:110:13-43
activity#visita_medica.lafar.com.visitamedica.app.CapturaFirma
ADDED from src\main\AndroidManifest.xml:113:9-117:20
	android:screenOrientation
		ADDED from src\main\AndroidManifest.xml:115:13-50
	android:theme
		ADDED from src\main\AndroidManifest.xml:116:13-69
	android:name
		ADDED from src\main\AndroidManifest.xml:114:13-45
activity#visita_medica.lafar.com.visitamedica.app.AuxiliarMostrarBaseDatos
ADDED from src\main\AndroidManifest.xml:118:9-121:20
	android:theme
		ADDED from src\main\AndroidManifest.xml:120:13-69
	android:name
		ADDED from src\main\AndroidManifest.xml:119:13-57
activity#visita_medica.lafar.com.visitamedica.app.PopupBancoMuestras
ADDED from src\main\AndroidManifest.xml:122:9-125:20
	android:theme
		ADDED from src\main\AndroidManifest.xml:124:13-69
	android:name
		ADDED from src\main\AndroidManifest.xml:123:13-51
activity#visita_medica.lafar.com.visitamedica.app.BancoMuestras
ADDED from src\main\AndroidManifest.xml:126:9-127:20
	android:name
		ADDED from src\main\AndroidManifest.xml:126:19-52
activity#visita_medica.lafar.com.visitamedica.app.BancoMuestrasVisitador
ADDED from src\main\AndroidManifest.xml:128:9-129:20
	android:name
		ADDED from src\main\AndroidManifest.xml:128:19-61
activity#visita_medica.lafar.com.visitamedica.app.FormularioBancoMuestrasVisitador
ADDED from src\main\AndroidManifest.xml:130:9-133:20
	android:screenOrientation
		ADDED from src\main\AndroidManifest.xml:132:13-50
	android:name
		ADDED from src\main\AndroidManifest.xml:131:13-65
activity#visita_medica.lafar.com.visitamedica.app.BancoMuestrasRealizado
ADDED from src\main\AndroidManifest.xml:134:9-137:20
	android:label
		ADDED from src\main\AndroidManifest.xml:136:13-76
	android:name
		ADDED from src\main\AndroidManifest.xml:135:13-55
receiver#visita_medica.lafar.com.visitamedica.app.AlarmReceiver
ADDED from src\main\AndroidManifest.xml:139:9-141:41
	android:process
		ADDED from src\main\AndroidManifest.xml:141:13-38
	android:name
		ADDED from src\main\AndroidManifest.xml:140:13-46
receiver#visita_medica.lafar.com.visitamedica.app.AlarmReceiverCoordenadasCero
ADDED from src\main\AndroidManifest.xml:142:9-144:41
	android:process
		ADDED from src\main\AndroidManifest.xml:144:13-38
	android:name
		ADDED from src\main\AndroidManifest.xml:143:13-61
activity#visita_medica.lafar.com.visitamedica.app.FiltroBackup
ADDED from src\main\AndroidManifest.xml:146:9-149:20
	android:theme
		ADDED from src\main\AndroidManifest.xml:148:13-69
	android:name
		ADDED from src\main\AndroidManifest.xml:147:13-45
activity#visita_medica.lafar.com.visitamedica.app.PruebaComprobarFecha
ADDED from src\main\AndroidManifest.xml:150:9-151:20
	android:name
		ADDED from src\main\AndroidManifest.xml:150:19-59
activity#visita_medica.lafar.com.visitamedica.app.MiCobertura
ADDED from src\main\AndroidManifest.xml:152:9-155:20
	android:label
		ADDED from src\main\AndroidManifest.xml:154:13-64
	android:name
		ADDED from src\main\AndroidManifest.xml:153:13-44
activity#visita_medica.lafar.com.visitamedica.app.SeguimientoBancoMuestras
ADDED from src\main\AndroidManifest.xml:156:9-159:20
	android:label
		ADDED from src\main\AndroidManifest.xml:158:13-78
	android:name
		ADDED from src\main\AndroidManifest.xml:157:13-57
activity#visita_medica.lafar.com.visitamedica.app.JustificadasSupervisor
ADDED from src\main\AndroidManifest.xml:160:9-164:20
	android:screenOrientation
		ADDED from src\main\AndroidManifest.xml:163:13-49
	android:label
		ADDED from src\main\AndroidManifest.xml:162:13-75
	android:name
		ADDED from src\main\AndroidManifest.xml:161:13-55
activity#visita_medica.lafar.com.visitamedica.app.RuteroMaestro
ADDED from src\main\AndroidManifest.xml:165:9-170:20
	android:screenOrientation
		ADDED from src\main\AndroidManifest.xml:168:13-50
	android:label
		ADDED from src\main\AndroidManifest.xml:167:13-66
	android:name
		ADDED from src\main\AndroidManifest.xml:166:13-46